<?xml version="1.0" encoding="UTF-8"?>
<testng-results skipped="0" failed="0" total="0" passed="0">
  <reporter-output>
  </reporter-output>
  <suite name="Amazone.Amazone.com.AppTest" duration-ms="4" started-at="2018-04-07T13:02:18Z" finished-at="2018-04-07T13:02:18Z">
    <groups>
    </groups>
    <test name="Command line test" duration-ms="4" started-at="2018-04-07T13:02:18Z" finished-at="2018-04-07T13:02:18Z">
    </test> <!-- Command line test -->
  </suite> <!-- Amazone.Amazone.com.AppTest -->
</testng-results>
